Flutter crash report.
Please report a bug at https://github.com/flutter/flutter/issues.

## command

flutter run -d chrome

## exception

DartDevelopmentServiceException: DartDevelopmentServiceException: Failed to start Dart Development Service

```
```

## flutter doctor

```
[✓] Flutter (Channel stable, 3.35.5, on macOS 15.6.1 24G90 darwin-arm64, locale vi-KR) [105ms]
    • Flutter version 3.35.5 on channel stable at /opt/homebrew/share/flutter
    • Upstream repository https://github.com/flutter/flutter.git
    • Framework revision ac4e799d23 (3 weeks ago), 2025-09-26 12:05:09 -0700
    • Engine revision d3d45dcf25
    • Dart version 3.9.2
    • DevTools version 2.48.0
    • Feature flags: enable-web, enable-linux-desktop, enable-macos-desktop, enable-windows-desktop, enable-android, enable-ios, cli-animations, enable-lldb-debugging

[✗] Android toolchain - develop for Android devices [64ms]
    ✗ Unable to locate Android SDK.
      Install Android Studio from: https://developer.android.com/studio/index.html
      On first launch it will assist you in installing the Android SDK components.
      (or visit https://flutter.dev/to/macos-android-setup for detailed instructions).
      If the Android SDK has been installed to a custom location, please use
      `flutter config --android-sdk` to update to that location.


[✓] Xcode - develop for iOS and macOS (Xcode 26.0.1) [604ms]
    • Xcode at /Applications/Xcode.app/Contents/Developer
    • Build 17A400
    • CocoaPods version 1.16.2

[✓] Chrome - develop for the web [24ms]
    • Chrome at /Applications/Google Chrome.app/Contents/MacOS/Google Chrome

[!] Android Studio (not installed) [23ms]
    • Android Studio not found; download from https://developer.android.com/studio/index.html
      (or visit https://flutter.dev/to/macos-android-setup for detailed instructions).

[✓] IntelliJ IDEA Community Edition (version 2024.2.5) [23ms]
    • IntelliJ at /Applications/IntelliJ IDEA CE.app
    • Flutter plugin can be installed from:
      🔨 https://plugins.jetbrains.com/plugin/9212-flutter
    • Dart plugin can be installed from:
      🔨 https://plugins.jetbrains.com/plugin/6351-dart

[✓] VS Code (version 1.104.0) [2ms]
    • VS Code at /Users/sonhellu/Downloads/App/Visual Studio Code 2.app/Contents
    • Flutter extension version 3.120.0

[✓] VS Code (version 1.105.0) [2ms]
    • VS Code at /Users/sonhellu/Downloads/App/Visual Studio Code.app/Contents
    • Flutter extension version 3.120.0

[✓] Connected device (2 available) [5,7s]
    • macOS (desktop) • macos  • darwin-arm64   • macOS 15.6.1 24G90 darwin-arm64
    • Chrome (web)    • chrome • web-javascript • Google Chrome 141.0.7390.77

[✓] Network resources [293ms]
    • All expected network resources are available.

! Doctor found issues in 2 categories.
```
